<?xml version="1.0" encoding="UTF-8"?>
<testsuite name="hello.core.beanfind.ApplicationContextInfoTest" tests="1" skipped="0" failures="0" errors="0" timestamp="2024-03-06T16:43:29" hostname="DESKTOP-N7D905T" time="0.017">
  <properties/>
  <testcase name="애플리케이션 빈 출력하기" classname="hello.core.beanfind.ApplicationContextInfoTest" time="0.017"/>
  <system-out><![CDATA[name = appConfig object = hello.core.AppConfig$$SpringCGLIB$$0@560cbf1a
name = memberService object = hello.core.member.MemberServiceImpl@758f4f03
name = memberRepository object = hello.core.member.MemoryMemberRepository@182f1e9a
name = orderService object = hello.core.order.OrderServiceImpl@6928f576
name = discountPolicy object = hello.core.discount.RateDiscountPolicy@660e9100
]]></system-out>
  <system-err><![CDATA[]]></system-err>
</testsuite>
